<?xml version="1.0" encoding="UTF-8"?>
<!-- Generated by org.testng.reporters.JUnitReportReporter -->
<testsuite skipped="0" hostname="DESKTOP-PCC37BG" name="com.zopa.runner.SuiteRunner" tests="1" failures="0" timestamp="04 Sep 2017 06:36:42 GMT" time="74.476" errors="0">
  <testcase name="feature" time="74.476" classname="com.zopa.runner.SuiteRunner"/>
</testsuite> <!-- com.zopa.runner.SuiteRunner -->
